<?xml version="1.0" encoding="UTF-8"?>
<!-- Generated by org.testng.reporters.JUnitReportReporter -->
<testsuite hostname="DESKTOP-9RL5BOK" failures="0" tests="2" name="seleniumok.Loginpage" time="13.877" errors="0" timestamp="2023-04-01T00:54:28 IST" skipped="0">
  <testcase classname="seleniumok.Loginpage" name="test2" time="6.632"/>
  <system-out/>
  <testcase classname="seleniumok.Loginpage" name="test1" time="7.245"/>
  <system-out/>
</testsuite> <!-- seleniumok.Loginpage -->
